<?xml version="1.0" encoding="UTF-8"?>
<!-- Generated by org.testng.reporters.JUnitReportReporter -->
<testsuite skipped="1" hostname="DESKTOP-TDPUCCF" name="day1_API.GitHubExample" tests="2" failures="0" timestamp="09 Nov 2021 12:08:15 GMT" time="4.093" errors="0">
  <testcase name="addRepository" time="4.093" classname="day1_API.GitHubExample"/>
  <testcase name="getAllRepo" classname="day1_API.GitHubExample">
    <skipped/>
  </testcase> <!-- getAllRepo -->
</testsuite> <!-- day1_API.GitHubExample -->
